This is XeTeX, Version 3.141592653-2.6-0.999993 (TeX Live 2022/dev/Debian) (preloaded format=xelatex 2025.6.12)  2 SEP 2025 23:02
entering extended mode
 restricted \write18 enabled.
 %&-line parsing enabled.
**book.tex
(./book.tex
LaTeX2e <2021-11-15> patch level 1
L3 programming layer <2022-01-21>
(/usr/share/texlive/texmf-dist/tex/latex/base/book.cls
Document Class: book 2021/10/04 v1.4n Standard LaTeX document class
(/usr/share/texlive/texmf-dist/tex/latex/base/bk10.clo
File: bk10.clo 2021/10/04 v1.4n Standard LaTeX file (size option)
)
\c@part=\count181
\c@chapter=\count182
\c@section=\count183
\c@subsection=\count184
\c@subsubsection=\count185
\c@paragraph=\count186
\c@subparagraph=\count187
\c@figure=\count188
\c@table=\count189
\abovecaptionskip=\skip47
\belowcaptionskip=\skip48
\bibindent=\dimen138
)
(/usr/share/texlive/texmf-dist/tex/latex/ragged2e/ragged2e.sty
Package: ragged2e 2021/12/15 v3.1 ragged2e Package
\CenteringLeftskip=\skip49
\RaggedLeftLeftskip=\skip50
\RaggedRightLeftskip=\skip51
\CenteringRightskip=\skip52
\RaggedLeftRightskip=\skip53
\RaggedRightRightskip=\skip54
\CenteringParfillskip=\skip55
\RaggedLeftParfillskip=\skip56
\RaggedRightParfillskip=\skip57
\JustifyingParfillskip=\skip58
\CenteringParindent=\skip59
\RaggedLeftParindent=\skip60
\RaggedRightParindent=\skip61
\JustifyingParindent=\skip62
)
(/usr/share/texlive/texmf-dist/tex/latex/geometry/geometry.sty
Package: geometry 2020/01/02 v5.9 Page Geometry

(/usr/share/texlive/texmf-dist/tex/latex/graphics/keyval.sty
Package: keyval 2014/10/28 v1.15 key=value parser (DPC)
\KV@toks@=\toks16
)
(/usr/share/texlive/texmf-dist/tex/generic/iftex/ifvtex.sty
Package: ifvtex 2019/10/25 v1.7 ifvtex legacy package. Use iftex instead.

(/usr/share/texlive/texmf-dist/tex/generic/iftex/iftex.sty
Package: iftex 2020/03/06 v1.0d TeX engine tests
))
\Gm@cnth=\count190
\Gm@cntv=\count191
\c@Gm@tempcnt=\count192
\Gm@bindingoffset=\dimen139
\Gm@wd@mp=\dimen140
\Gm@odd@mp=\dimen141
\Gm@even@mp=\dimen142
\Gm@layoutwidth=\dimen143
\Gm@layoutheight=\dimen144
\Gm@layouthoffset=\dimen145
\Gm@layoutvoffset=\dimen146
\Gm@dimlist=\toks17
)
(/usr/share/texlive/texmf-dist/tex/latex/graphics/graphicx.sty
Package: graphicx 2021/09/16 v1.2d Enhanced LaTeX Graphics (DPC,SPQR)

(/usr/share/texlive/texmf-dist/tex/latex/graphics/graphics.sty
Package: graphics 2021/03/04 v1.4d Standard LaTeX Graphics (DPC,SPQR)

(/usr/share/texlive/texmf-dist/tex/latex/graphics/trig.sty
Package: trig 2021/08/11 v1.11 sin cos tan (DPC)
)
(/usr/share/texlive/texmf-dist/tex/latex/graphics-cfg/graphics.cfg
File: graphics.cfg 2016/06/04 v1.11 sample graphics configuration
)
Package graphics Info: Driver file: xetex.def on input line 107.

(/usr/share/texlive/texmf-dist/tex/latex/graphics-def/xetex.def
File: xetex.def 2021/03/18 v5.0k Graphics/color driver for xetex
))
\Gin@req@height=\dimen147
\Gin@req@width=\dimen148
)
(/usr/share/texlive/texmf-dist/tex/latex/titlesec/titlesec.sty
Package: titlesec 2021/07/05 v2.14 Sectioning titles
\ttl@box=\box50
\beforetitleunit=\skip63
\aftertitleunit=\skip64
\ttl@plus=\dimen149
\ttl@minus=\dimen150
\ttl@toksa=\toks18
\titlewidth=\dimen151
\titlewidthlast=\dimen152
\titlewidthfirst=\dimen153
)
(/usr/share/texlive/texmf-dist/tex/latex/fontspec/fontspec.sty
(/usr/share/texlive/texmf-dist/tex/latex/l3packages/xparse/xparse.sty
(/usr/share/texlive/texmf-dist/tex/latex/l3kernel/expl3.sty
Package: expl3 2022-01-21 L3 programming layer (loader) 

(/usr/share/texlive/texmf-dist/tex/latex/l3backend/l3backend-xetex.def
File: l3backend-xetex.def 2022-01-12 L3 backend support: XeTeX

(|extractbb --version)
\c__kernel_sys_dvipdfmx_version_int=\count193
\l__color_backend_stack_int=\count194
\g__color_backend_stack_int=\count195
\g__graphics_track_int=\count196
\l__pdf_internal_box=\box51
\g__pdf_backend_object_int=\count197
\g__pdf_backend_annotation_int=\count198
\g__pdf_backend_link_int=\count199
))
Package: xparse 2022-01-12 L3 Experimental document command parser
)
Package: fontspec 2022/01/15 v2.8a Font selection for XeLaTeX and LuaLaTeX

(/usr/share/texlive/texmf-dist/tex/latex/fontspec/fontspec-xetex.sty
Package: fontspec-xetex 2022/01/15 v2.8a Font selection for XeLaTeX and LuaLaTe
X
\l__fontspec_script_int=\count266
\l__fontspec_language_int=\count267
\l__fontspec_strnum_int=\count268
\l__fontspec_tmp_int=\count269
\l__fontspec_tmpa_int=\count270
\l__fontspec_tmpb_int=\count271
\l__fontspec_tmpc_int=\count272
\l__fontspec_em_int=\count273
\l__fontspec_emdef_int=\count274
\l__fontspec_strong_int=\count275
\l__fontspec_strongdef_int=\count276
\l__fontspec_tmpa_dim=\dimen154
\l__fontspec_tmpb_dim=\dimen155
\l__fontspec_tmpc_dim=\dimen156

(/usr/share/texlive/texmf-dist/tex/latex/base/fontenc.sty
Package: fontenc 2021/04/29 v2.0v Standard LaTeX package
)
(/usr/share/texlive/texmf-dist/tex/latex/fontspec/fontspec.cfg)))
(/usr/share/texlive/texmf-dist/tex/latex/polyglossia/polyglossia.sty
Package: polyglossia 2021/04/12 v1.53 Modern multilingual typesetting with XeLa
TeX and LuaLaTeX

(/usr/share/texlive/texmf-dist/tex/latex/etoolbox/etoolbox.sty
Package: etoolbox 2020/10/05 v2.5k e-TeX tools for LaTeX (JAW)
\etb@tempcnta=\count277
)
(/usr/share/texlive/texmf-dist/tex/latex/makecmds/makecmds.sty
Package: makecmds 2009/09/03 v1.0a extra command making commands
)
(/usr/share/texlive/texmf-dist/tex/latex/xkeyval/xkeyval.sty
Package: xkeyval 2020/11/20 v2.8 package option processing (HA)

(/usr/share/texlive/texmf-dist/tex/generic/xkeyval/xkeyval.tex
(/usr/share/texlive/texmf-dist/tex/generic/xkeyval/xkvutils.tex
\XKV@toks=\toks19
\XKV@tempa@toks=\toks20
)
\XKV@depth=\count278
File: xkeyval.tex 2014/12/03 v2.7a key=value parser (HA)
))
(/usr/share/texlive/texmf-dist/tex/latex/l3packages/l3keys2e/l3keys2e.sty
Package: l3keys2e 2022-01-12 LaTeX2e option processing using LaTeX3 keys
)

LaTeX hooks Warning: Generic hook 'file/after/tracklang.sty' is deprecated.
(hooks)              Use hook 'file/tracklang.sty/after' instead.


LaTeX hooks Warning: Generic hook 'package/after/bidi' is deprecated.
(hooks)              Use hook 'package/bidi/after' instead.


LaTeX hooks Warning: Generic hook 'package/after/luabidi' is deprecated.
(hooks)              Use hook 'package/luabidi/after' instead.

\xpg@normalclass=\XeTeXcharclass1
(/usr/share/texlive/texmf-dist/tex/latex/polyglossia/gloss-latex.ldf
File: gloss-latex.ldf polyglossia: module for default language
The property list \polyglossia@langsetup contains the pairs (without outer
braces):
>  {latex/script}  =>  {latin}
>  {latex/lcscript}  =>  {latin}
>  {latex/scripttag}  =>  {}
>  {latex/language}  =>  {Latex}
>  {latex/langtag}  =>  {ENG}
>  {latex/bcp47}  =>  {}
>  {latex/hyphennames}  =>  {english}
>  {latex/direction}  =>  {LR}
>  {latex/hyphenmins}  =>  {2,3}
>  {latex/frenchspacing}  =>  {false}
>  {latex/indentfirst}  =>  {false}
>  {latex/fontsetup}  =>  {true}
>  {latex/envname}  =>  {latex}
>  {latex/babelname}  =>  {latex}
>  {latex/localnumeral}  =>  {polyglossia@C@localnumeral}
>  {latex/Localnumeral}  =>  {polyglossia@C@localnumeral}.
)
Package polyglossia Info: Default language is latex.
)
(/usr/share/texlive/texmf-dist/tex/latex/epigraph/epigraph.sty
Package: epigraph 2020/01/02 v1.5e typesetting epigraphs

(/usr/share/texlive/texmf-dist/tex/latex/nextpage/nextpage.sty
Package: nextpage 2009/09/03 v1.1a additional page commands
)
\beforeepigraphskip=\skip65
\afterepigraphskip=\skip66
\epigraphwidth=\skip67
\epigraphrule=\skip68
)
(/usr/share/texlive/texmf-dist/tex/latex/lettrine/lettrine.sty
File: lettrine.sty 2020-03-14 v2.23 (Daniel Flipo)

(/usr/share/texlive/texmf-dist/tex/generic/minifp/minifp.sty
Package: minifp 2013/12/30 v0.96. Macros for real number operations and a stack
-based programing language.
\MFP@loopctr=\count279
)
\c@DefaultLines=\count280
\c@DefaultDepth=\count281
\DefaultFindent=\dimen157
\DefaultNindent=\dimen158
\DefaultSlope=\dimen159
\DiscardVskip=\dimen160
\L@lbox=\box52
\L@tbox=\box53
\c@L@lines=\count282
\c@L@depth=\count283
\L@Pindent=\dimen161
\L@Findent=\dimen162
\L@Nindent=\dimen163
\L@lraise=\dimen164
\L@first=\dimen165
\L@next=\dimen166
\L@slope=\dimen167
\L@height=\dimen168
\L@novskip=\dimen169
\L@target@ht=\dimen170
\L@target@dp=\dimen171
\L@target@tht=\dimen172
\LettrineWidth=\dimen173
\LettrineHeight=\dimen174
\LettrineDepth=\dimen175
\Llist@everypar=\toks21

Loading lettrine.cfg
(/usr/share/texlive/texmf-dist/tex/latex/lettrine/lettrine.cfg))
(/usr/share/texlive/texmf-dist/tex/latex/xcolor/xcolor.sty
Package: xcolor 2021/10/31 v2.13 LaTeX color extensions (UK)

(/usr/share/texlive/texmf-dist/tex/latex/graphics-cfg/color.cfg
File: color.cfg 2016/01/02 v1.6 sample color configuration
)
Package xcolor Info: Driver file: xetex.def on input line 227.
Package xcolor Info: Model `cmy' substituted by `cmy0' on input line 1352.
Package xcolor Info: Model `RGB' extended on input line 1368.
Package xcolor Info: Model `HTML' substituted by `rgb' on input line 1370.
Package xcolor Info: Model `Hsb' substituted by `hsb' on input line 1371.
Package xcolor Info: Model `tHsb' substituted by `hsb' on input line 1372.
Package xcolor Info: Model `HSB' substituted by `hsb' on input line 1373.
Package xcolor Info: Model `Gray' substituted by `gray' on input line 1374.
Package xcolor Info: Model `wave' substituted by `hsb' on input line 1375.
)
(/usr/share/texlive/texmf-dist/tex/latex/quoting/quoting.sty
Package: quoting 2014/01/28 v0.1c Consolidated environment for displayed text

(/usr/share/texlive/texmf-dist/tex/latex/kvoptions/kvoptions.sty
Package: kvoptions 2020-10-07 v3.14 Key value format for package options (HO)

(/usr/share/texlive/texmf-dist/tex/generic/ltxcmds/ltxcmds.sty
Package: ltxcmds 2020-05-10 v1.25 LaTeX kernel commands for general use (HO)
)
(/usr/share/texlive/texmf-dist/tex/generic/kvsetkeys/kvsetkeys.sty
Package: kvsetkeys 2019/12/15 v1.18 Key value parser (HO)
))
\quo@toppartop=\skip69
)
(/usr/share/texlive/texmf-dist/tex/latex/polyglossia/gloss-hebrew.ldf
File: gloss-hebrew.ldf polyglossia: module for hebrew

(/usr/share/texlive/texmf-dist/tex/xelatex/bidi/bidi.sty
Package: bidi 2022/02/01 v36.4 Bidirectional typesetting in plain TeX and LaTeX


****************************************************
* 
* bidi package (Bidirectional typesetting in
* plain TeX and LaTeX, using XeTeX engine)
* 
* Description: A convenient interface for
* typesetting bidirectional texts in plain TeX
* and LaTeX. The package includes adaptations
* for use with many other commonly-used packages.
* 
* Copyright (c) 2007--2022 Vafa Khalighi
* Copyright (c) 2018--2020 bidi-tex GitHub organization
* 
* v36.4, 2022/02/01
* 
* License: LaTeX Project Public License, version
* 1.3c or higher (your choice)
* 
* Location on CTAN: /macros/xetex/latex/bidi
* 
* Issue tracker: https://github.com/tex-persian/bidi/issues
* 
* Support Email: tex-persian@vafa.ac
* 
* Primary author of bidi package: Vafa Khalighi.
* 
****************************************************
(/usr/share/texlive/texmf-dist/tex/xelatex/bidi/biditools.sty
Package: biditools 2022/02/01 v2.1 Programming tools for bidi package
\@bidi@envbody=\toks22
\@bidi@emptytoks=\toks23
\bidi@poscount=\count284
\bidi@tempcountb=\count285
\bidi@temptoksa=\toks24
\bidi@temptoksb=\toks25
\bidi@dummies=\count286
\bidi@are@these@correct=\toks26
\bidi@toks@lista=\toks27
\bidi@toks@listb=\toks28
\bidi@stack@length=\count287
\bidi@empty@stack=\toks29
\bidi@looprepeat@depth=\count288
)
==> First Aid for biditools.sty no longer applied!
    Expected:
        2020/05/13 v2 Programming tools for bidi package
    but found:
        2022/02/01 v2.1 Programming tools for bidi package
    so I'm assuming it got fixed.
(/usr/share/texlive/texmf-dist/tex/latex/zref/zref-abspage.sty
Package: zref-abspage 2020-07-03 v2.32 Module abspage for zref (HO)

(/usr/share/texlive/texmf-dist/tex/latex/zref/zref-base.sty
Package: zref-base 2020-07-03 v2.32 Module base for zref (HO)

(/usr/share/texlive/texmf-dist/tex/generic/infwarerr/infwarerr.sty
Package: infwarerr 2019/12/03 v1.5 Providing info/warning/error messages (HO)
)
(/usr/share/texlive/texmf-dist/tex/generic/kvdefinekeys/kvdefinekeys.sty
Package: kvdefinekeys 2019-12-19 v1.6 Define keys (HO)
)
(/usr/share/texlive/texmf-dist/tex/generic/pdftexcmds/pdftexcmds.sty
Package: pdftexcmds 2020-06-27 v0.33 Utility functions of pdfTeX for LuaTeX (HO
)
Package pdftexcmds Info: \pdf@primitive is available.
Package pdftexcmds Info: \pdf@ifprimitive is available.
Package pdftexcmds Info: \pdfdraftmode not found.
)
(/usr/share/texlive/texmf-dist/tex/generic/etexcmds/etexcmds.sty
Package: etexcmds 2019/12/15 v1.7 Avoid name clashes with e-TeX commands (HO)
)
(/usr/share/texlive/texmf-dist/tex/latex/auxhook/auxhook.sty
Package: auxhook 2019-12-17 v1.6 Hooks for auxiliary files (HO)
)
Package zref Info: New property list: main on input line 764.
Package zref Info: New property: default on input line 765.
Package zref Info: New property: page on input line 766.
)
(/usr/share/texlive/texmf-dist/tex/latex/base/atbegshi-ltx.sty
Package: atbegshi-ltx 2021/01/10 v1.0c Emulation of the original atbegshi
package with kernel methods
)
\c@abspage=\count289
Package zref Info: New property: abspage on input line 66.
)
\@bidi@copyins@=\insert252

(/usr/share/texlive/texmf-dist/tex/xelatex/bidi/latex-xetex-bidi.def
File: latex-xetex-bidi.def 2022/02/01 v1.3.8 bidi adaptations for `latex.ltx' f
or XeTeX engine
\bidi@n@everypar=\toks30
\bidi@column@check@number=\count290

(/usr/share/texlive/texmf-dist/tex/xelatex/bidi/footnote-xetex-bidi.def
File: footnote-xetex-bidi.def 2017/08/09 v1.1 bidi footnote macros for XeTeX en
gine
\c@footdir@label=\count291
\footdir@toks=\toks31
)
(/usr/share/texlive/texmf-dist/tex/xelatex/bidi/book-xetex-bidi.def
File: book-xetex-bidi.def 2017/06/09 v1.0 bidi adaptations for standard book cl
ass for XeTeX engine
)
(/usr/share/texlive/texmf-dist/tex/xelatex/bidi/color-xetex-bidi.def
File: color-xetex-bidi.def 2013/04/08 v0.2 bidi adaptations for color package f
or XeTeX engine
LaTeX Info: Redefining \color on input line 50.
)
(/usr/share/texlive/texmf-dist/tex/xelatex/bidi/xcolor-xetex-bidi.def
File: xcolor-xetex-bidi.def 2013/04/08 v0.2 bidi adaptations for xcolor package
 for XeTeX engine
LaTeX Info: Redefining \color on input line 49.
LaTeX Info: Redefining \bidicolor on input line 92.
)
(/usr/share/texlive/texmf-dist/tex/xelatex/bidi/graphicx-xetex-bidi.def
File: graphicx-xetex-bidi.def 2017/06/17 v0.5 bidi adaptations for graphicx pac
kage for XeTeX engine
)
(/usr/share/texlive/texmf-dist/tex/xelatex/bidi/geometry-xetex-bidi.def
File: geometry-xetex-bidi.def 2017/01/14 v0.2 bidi adaptations for geometry pac
kage for XeTeX engine
)
(/usr/share/texlive/texmf-dist/tex/xelatex/bidi/lettrine-xetex-bidi.def
File: lettrine-xetex-bidi.def 2019/05/01 v0.7 bidi adaptations for lettrine pac
kage for XeTeX engine
)
(/usr/share/texlive/texmf-dist/tex/xelatex/bidi/titlesec-xetex-bidi.def
File: titlesec-xetex-bidi.def 2010/07/25 v0.1 bidi adaptations for titlesec pac
kage for XeTeX engine
)
(/usr/share/texlive/texmf-dist/tex/xelatex/bidi/ragged2e-xetex-bidi.def
File: ragged2e-xetex-bidi.def 2018/10/17 v0.3 bidi adaptations for ragged2e pac
kage for XeTeX engine
))
(/usr/share/texlive/texmf-dist/tex/xelatex/bidi/loadingorder-xetex-bidi.def
File: loadingorder-xetex-bidi.def 2017/12/29 v0.97 making sure that bidi is the
 last package loaded
)
\bidi@digits=\count292
\bidi@digits@charclass=\XeTeXcharclass2
\bidi@sepmark@charclass=\XeTeXcharclass3
)
(/usr/share/texlive/texmf-dist/tex/latex/polyglossia/hebrewcal.sty
Package: hebrewcal 2019/12/03 v2.7 Hebrew calendar for polyglossia (adapted fro
m hebcal.sty in Babel)

(/usr/share/texlive/texmf-dist/tex/latex/polyglossia/cal-util.def
\c@tmpA=\count293
\c@tmpB=\count294
\c@tmpC=\count295
\c@tmpD=\count296
\c@tmpE=\count297
\c@tmpF=\count298
)
\hebrewday=\count299
\hebrewmonth=\count300
\hebrewyear=\count301
\@common=\count302
)
The property list \polyglossia@langsetup contains the pairs (without outer
braces):
>  {latex/script}  =>  {latin}
>  {latex/lcscript}  =>  {latin}
>  {latex/scripttag}  =>  {}
>  {latex/language}  =>  {Latex}
>  {latex/langtag}  =>  {ENG}
>  {latex/bcp47}  =>  {}
>  {latex/hyphennames}  =>  {english}
>  {latex/direction}  =>  {LR}
>  {latex/hyphenmins}  =>  {2,3}
>  {latex/frenchspacing}  =>  {false}
>  {latex/indentfirst}  =>  {false}
>  {latex/fontsetup}  =>  {true}
>  {latex/envname}  =>  {latex}
>  {latex/babelname}  =>  {latex}
>  {latex/localnumeral}  =>  {polyglossia@C@localnumeral}
>  {latex/Localnumeral}  =>  {polyglossia@C@localnumeral}
>  {hebrew/script}  =>  {Hebrew}
>  {hebrew/lcscript}  =>  {hebrew}
>  {hebrew/scripttag}  =>  {hebr}
>  {hebrew/language}  =>  {Hebrew}
>  {hebrew/langtag}  =>  {IWR}
>  {hebrew/bcp47}  =>  {he}
>  {hebrew/hyphennames}  =>  {nohyphenation}
>  {hebrew/direction}  =>  {RL}
>  {hebrew/hyphenmins}  =>  {2,3}
>  {hebrew/frenchspacing}  =>  {false}
>  {hebrew/indentfirst}  =>  {false}
>  {hebrew/fontsetup}  =>  {true}
>  {hebrew/envname}  =>  {hebrew}
>  {hebrew/babelname}  =>  {hebrew}
>  {hebrew/localnumeral}  =>  {hebrewnumerals}
>  {hebrew/Localnumeral}  =>  {hebrewnumerals}.

Setting \if@calendar@hebrew
(/usr/share/texlive/texmf-dist/tex/latex/polyglossia/babel-hebrewalph.def
File: babel-hebrewalph.def 2010/03/02 Babel definitions for Hebrew numerals
 Adapted from hebrew.ldf (2005/03/30 v2.3h)
))
Package polyglossia Info: Default language is hebrew.

(/usr/share/texlive/texmf-dist/tex/latex/polyglossia/gloss-english.ldf
File: gloss-english.ldf polyglossia: module for english
The property list \polyglossia@langsetup contains the pairs (without outer
braces):
>  {latex/script}  =>  {latin}
>  {latex/lcscript}  =>  {latin}
>  {latex/scripttag}  =>  {}
>  {latex/language}  =>  {Latex}
>  {latex/langtag}  =>  {ENG}
>  {latex/bcp47}  =>  {}
>  {latex/hyphennames}  =>  {english}
>  {latex/direction}  =>  {LR}
>  {latex/hyphenmins}  =>  {2,3}
>  {latex/frenchspacing}  =>  {false}
>  {latex/indentfirst}  =>  {false}
>  {latex/fontsetup}  =>  {true}
>  {latex/envname}  =>  {latex}
>  {latex/babelname}  =>  {latex}
>  {latex/localnumeral}  =>  {polyglossia@C@localnumeral}
>  {latex/Localnumeral}  =>  {polyglossia@C@localnumeral}
>  {hebrew/script}  =>  {Hebrew}
>  {hebrew/lcscript}  =>  {hebrew}
>  {hebrew/scripttag}  =>  {hebr}
>  {hebrew/language}  =>  {Hebrew}
>  {hebrew/langtag}  =>  {IWR}
>  {hebrew/bcp47}  =>  {he}
>  {hebrew/hyphennames}  =>  {nohyphenation}
>  {hebrew/direction}  =>  {RL}
>  {hebrew/hyphenmins}  =>  {2,3}
>  {hebrew/frenchspacing}  =>  {false}
>  {hebrew/indentfirst}  =>  {false}
>  {hebrew/fontsetup}  =>  {true}
>  {hebrew/envname}  =>  {hebrew}
>  {hebrew/babelname}  =>  {hebrew}
>  {hebrew/localnumeral}  =>  {hebrewnumerals}
>  {hebrew/Localnumeral}  =>  {hebrewnumerals}
>  {english/script}  =>  {latin}
>  {english/lcscript}  =>  {latin}
>  {english/scripttag}  =>  {}
>  {english/language}  =>  {English}
>  {english/langtag}  =>  {ENG}
>  {english/bcp47}  =>  {en-US}
>  {english/hyphennames}  =>  {english,american,usenglish,USenglish}
>  {english/direction}  =>  {LR}
>  {english/hyphenmins}  =>  {2,3}
>  {english/frenchspacing}  =>  {false}
>  {english/indentfirst}  =>  {false}
>  {english/fontsetup}  =>  {true}
>  {english/envname}  =>  {english}
>  {english/babelname}  =>  {english}
>  {english/localnumeral}  =>  {polyglossia@C@localnumeral}
>  {english/Localnumeral}  =>  {polyglossia@C@localnumeral}.
Package polyglossia Info: Option: English, variant=american.
)

Package fontspec Info: Frank Ruhl Libre scale = 0.9209380878943886.


Package fontspec Info: Could not resolve font "Frank Ruhl Libre/I" (it
(fontspec)             probably doesn't exist).


Package fontspec Info: Frank Ruhl Libre scale = 0.9209380878943886.


Package fontspec Info: Frank Ruhl Libre/B scale = 0.9170183754301669.


Package fontspec Info: Frank Ruhl Libre/BI scale = 0.9170183754301669.


Package fontspec Info: Font family 'FrankRuhlLibre(0)' created for font 'Frank
(fontspec)             Ruhl Libre' with options
(fontspec)             [Script=Hebrew,Scale=MatchLowercase].
(fontspec)              
(fontspec)              This font family consists of the following NFSS
(fontspec)             series/shapes:
(fontspec)              
(fontspec)             - 'normal' (m/n) with NFSS spec.:
(fontspec)             <->s*[0.9209380878943886]"Frank Ruhl
(fontspec)             Libre/OT:script=hebr;language=dflt;"
(fontspec)             - 'small caps'  (m/sc) with NFSS spec.: 
(fontspec)             - 'bold' (b/n) with NFSS spec.:
(fontspec)             <->s*[0.9170183754301669]"Frank Ruhl
(fontspec)             Libre/B/OT:script=hebr;language=dflt;"
(fontspec)             - 'bold small caps'  (b/sc) with NFSS spec.: 
(fontspec)             - 'bold italic' (b/it) with NFSS spec.:
(fontspec)             <->s*[0.9170183754301669]"Frank Ruhl
(fontspec)             Libre/BI/OT:script=hebr;language=dflt;"
(fontspec)             - 'bold italic small caps'  (b/scit) with NFSS spec.: 


(./book.aux
LaTeX Info: Redefining \rmfamily on input line 3.
LaTeX Info: Redefining \sffamily on input line 3.
LaTeX Info: Redefining \ttfamily on input line 3.
LaTeX Font Info:    Font shape `TU/FrankRuhlLibre(0)/m/n' will be
(Font)              scaled to size 9.20944pt on input line 3.
)
\openout1 = `book.aux'.

LaTeX Font Info:    Checking defaults for OML/cmm/m/it on input line 62.
LaTeX Font Info:    ... okay on input line 62.
LaTeX Font Info:    Checking defaults for OMS/cmsy/m/n on input line 62.
LaTeX Font Info:    ... okay on input line 62.
LaTeX Font Info:    Checking defaults for OT1/cmr/m/n on input line 62.
LaTeX Font Info:    ... okay on input line 62.
LaTeX Font Info:    Checking defaults for T1/cmr/m/n on input line 62.
LaTeX Font Info:    ... okay on input line 62.
LaTeX Font Info:    Checking defaults for TS1/cmr/m/n on input line 62.
LaTeX Font Info:    Trying to load font information for TS1+cmr on input line 6
2.
 (/usr/share/texlive/texmf-dist/tex/latex/base/ts1cmr.fd
File: ts1cmr.fd 2019/12/16 v2.5j Standard LaTeX font definitions
)
LaTeX Font Info:    ... okay on input line 62.
LaTeX Font Info:    Checking defaults for TU/lmr/m/n on input line 62.
LaTeX Font Info:    ... okay on input line 62.
LaTeX Font Info:    Checking defaults for OMX/cmex/m/n on input line 62.
LaTeX Font Info:    ... okay on input line 62.
LaTeX Font Info:    Checking defaults for U/cmr/m/n on input line 62.
LaTeX Font Info:    ... okay on input line 62.

*geometry* driver: auto-detecting
*geometry* detected driver: xetex
*geometry* verbose mode - [ preamble ] result:
* driver: xetex
* paper: custom
* layout: <same size as paper>
* layoutoffset:(h,v)=(0.0pt,0.0pt)
* modes: 
* h-part:(L,W,R)=(45.5244pt, 213.39568pt, 45.5244pt)
* v-part:(T,H,B)=(56.9055pt, 412.56497pt, 45.5244pt)
* \paperwidth=304.44447pt
* \paperheight=514.99487pt
* \textwidth=213.39568pt
* \textheight=412.56497pt
* \oddsidemargin=-26.74559pt
* \evensidemargin=-26.74559pt
* \topmargin=-40.97194pt
* \headheight=17.07164pt
* \headsep=8.53581pt
* \topskip=10.0pt
* \footskip=17.07164pt
* \marginparwidth=69.0pt
* \marginparsep=7.0pt
* \columnsep=10.0pt
* \skip\footins=9.0pt plus 4.0pt minus 2.0pt
* \hoffset=0.0pt
* \voffset=0.0pt
* \mag=1000
* \@twocolumnfalse
* \@twosidefalse
* \@mparswitchfalse
* \@reversemarginfalse
* (1in=72.27pt=25.4mm, 1cm=28.453pt)


Package fontspec Info: Adjusting the maths setup (use [no-math] to avoid
(fontspec)             this).

\symlegacymaths=\mathgroup4
LaTeX Font Info:    Overwriting symbol font `legacymaths' in version `bold'
(Font)                  OT1/cmr/m/n --> OT1/cmr/bx/n on input line 62.
LaTeX Font Info:    Redeclaring math accent \acute on input line 62.
LaTeX Font Info:    Redeclaring math accent \grave on input line 62.
LaTeX Font Info:    Redeclaring math accent \ddot on input line 62.
LaTeX Font Info:    Redeclaring math accent \tilde on input line 62.
LaTeX Font Info:    Redeclaring math accent \bar on input line 62.
LaTeX Font Info:    Redeclaring math accent \breve on input line 62.
LaTeX Font Info:    Redeclaring math accent \check on input line 62.
LaTeX Font Info:    Redeclaring math accent \hat on input line 62.
LaTeX Font Info:    Redeclaring math accent \dot on input line 62.
LaTeX Font Info:    Redeclaring math accent \mathring on input line 62.
LaTeX Font Info:    Redeclaring math symbol \colon on input line 62.
LaTeX Font Info:    Redeclaring math symbol \Gamma on input line 62.
LaTeX Font Info:    Redeclaring math symbol \Delta on input line 62.
LaTeX Font Info:    Redeclaring math symbol \Theta on input line 62.
LaTeX Font Info:    Redeclaring math symbol \Lambda on input line 62.
LaTeX Font Info:    Redeclaring math symbol \Xi on input line 62.
LaTeX Font Info:    Redeclaring math symbol \Pi on input line 62.
LaTeX Font Info:    Redeclaring math symbol \Sigma on input line 62.
LaTeX Font Info:    Redeclaring math symbol \Upsilon on input line 62.
LaTeX Font Info:    Redeclaring math symbol \Phi on input line 62.
LaTeX Font Info:    Redeclaring math symbol \Psi on input line 62.
LaTeX Font Info:    Redeclaring math symbol \Omega on input line 62.
LaTeX Font Info:    Redeclaring math symbol \mathdollar on input line 62.
LaTeX Font Info:    Redeclaring symbol font `operators' on input line 62.
LaTeX Font Info:    Encoding `OT1' has changed to `TU' for symbol font
(Font)              `operators' in the math version `normal' on input line 62.
LaTeX Font Info:    Overwriting symbol font `operators' in version `normal'
(Font)                  OT1/cmr/m/n --> TU/lmr/m/n on input line 62.
LaTeX Font Info:    Encoding `OT1' has changed to `TU' for symbol font
(Font)              `operators' in the math version `bold' on input line 62.
LaTeX Font Info:    Overwriting symbol font `operators' in version `bold'
(Font)                  OT1/cmr/bx/n --> TU/lmr/m/n on input line 62.
LaTeX Font Info:    Overwriting symbol font `operators' in version `normal'
(Font)                  TU/lmr/m/n --> TU/lmr/m/n on input line 62.
LaTeX Font Info:    Overwriting math alphabet `\mathit' in version `normal'
(Font)                  OT1/cmr/m/it --> TU/lmr/m/it on input line 62.
LaTeX Font Info:    Overwriting math alphabet `\mathbf' in version `normal'
(Font)                  OT1/cmr/bx/n --> TU/lmr/b/n on input line 62.
LaTeX Font Info:    Overwriting math alphabet `\mathsf' in version `normal'
(Font)                  OT1/cmss/m/n --> TU/lmss/m/n on input line 62.
LaTeX Font Info:    Overwriting math alphabet `\mathtt' in version `normal'
(Font)                  OT1/cmtt/m/n --> TU/lmtt/m/n on input line 62.
LaTeX Font Info:    Overwriting symbol font `operators' in version `bold'
(Font)                  TU/lmr/m/n --> TU/lmr/b/n on input line 62.
LaTeX Font Info:    Overwriting math alphabet `\mathit' in version `bold'
(Font)                  OT1/cmr/bx/it --> TU/lmr/b/it on input line 62.
LaTeX Font Info:    Overwriting math alphabet `\mathsf' in version `bold'
(Font)                  OT1/cmss/bx/n --> TU/lmss/b/n on input line 62.
LaTeX Font Info:    Overwriting math alphabet `\mathtt' in version `bold'
(Font)                  OT1/cmtt/m/n --> TU/lmtt/b/n on input line 62.
LaTeX Info: Redefining \rmfamily on input line 62.
LaTeX Info: Redefining \sffamily on input line 62.
LaTeX Info: Redefining \ttfamily on input line 62.
LaTeX Info: Redefining \rmfamily on input line 62.
LaTeX Info: Redefining \sffamily on input line 62.
LaTeX Info: Redefining \ttfamily on input line 62.
*geometry* verbose mode - [ newgeometry ] result:
* driver: xetex
* paper: custom
* layout: <same size as paper>
* layoutoffset:(h,v)=(0.0pt,0.0pt)
* modes: 
* h-part:(L,W,R)=(0.0pt, 304.44447pt, 0.0pt)
* v-part:(T,H,B)=(-0.02864pt, 515.02351pt, 0.0pt)
* \paperwidth=304.44447pt
* \paperheight=514.99487pt
* \textwidth=304.44447pt
* \textheight=515.02351pt
* \oddsidemargin=-72.26999pt
* \evensidemargin=-72.26999pt
* \topmargin=-97.90608pt
* \headheight=17.07164pt
* \headsep=8.53581pt
* \topskip=10.0pt
* \footskip=17.07164pt
* \marginparwidth=69.0pt
* \marginparsep=7.0pt
* \columnsep=10.0pt
* \skip\footins=9.0pt plus 4.0pt minus 2.0pt
* \hoffset=0.0pt
* \voffset=0.0pt
* \mag=1000
* \@twocolumnfalse
* \@twosidefalse
* \@mparswitchfalse
* \@reversemarginfalse
* (1in=72.27pt=25.4mm, 1cm=28.453pt)

File: cover-image.jpg Graphic file (type bmp)
<cover-image.jpg>

Overfull \hbox (14.99931pt too wide) in paragraph at lines 69--70
[][][][][] []
 []

[1


]
LaTeX Font Info:    Font shape `TU/FrankRuhlLibre(0)/m/n' will be
(Font)              scaled to size 15.91391pt on input line 77.
LaTeX Font Info:    Font shape `TU/FrankRuhlLibre(0)/m/n' will be
(Font)              scaled to size 22.91309pt on input line 77.
LaTeX Font Info:    Font shape `TU/FrankRuhlLibre(0)/m/n' will be
(Font)              scaled to size 11.05133pt on input line 77.
LaTeX Font Info:    External font `cmex10' loaded for size
(Font)              <12> on input line 77.
LaTeX Font Info:    External font `cmex10' loaded for size
(Font)              <8> on input line 77.
LaTeX Font Info:    External font `cmex10' loaded for size
(Font)              <6> on input line 77.
 [1


]

LaTeX Font Warning: Font shape `TU/FrankRuhlLibre(0)/m/it' undefined
(Font)              using `TU/FrankRuhlLibre(0)/m/n' instead on input line 87.

LaTeX Font Info:    Font shape `TU/FrankRuhlLibre(0)/b/n' will be
(Font)              scaled to size 9.17023pt on input line 89.
[1]
LaTeX Font Info:    Font shape `TU/FrankRuhlLibre(0)/m/n' will be
(Font)              scaled to size 19.10039pt on input line 99.
LaTeX Font Info:    Font shape `TU/FrankRuhlLibre(0)/b/n' will be
(Font)              scaled to size 19.01904pt on input line 99.
LaTeX Font Info:    Font shape `TU/FrankRuhlLibre(0)/b/n' will be
(Font)              scaled to size 22.81552pt on input line 99.
 (./book.toc
LaTeX Info: Redefining \rmfamily on input line 1.
LaTeX Info: Redefining \sffamily on input line 1.
LaTeX Info: Redefining \ttfamily on input line 1.
)
\tf@toc=\write3
\openout3 = `book.toc'.

 [2

]

LaTeX Font Warning: Font shape `TU/FrankRuhlLibre(0)/m/sc' undefined
(Font)              using `TU/FrankRuhlLibre(0)/m/n' instead on input line 103.


LaTeX Font Info:    Font shape `TU/FrankRuhlLibre(0)/m/n' will be
(Font)              scaled to size 55.68489pt on input line 103.
LaTeX Font Info:    Font shape `TU/FrankRuhlLibre(0)/m/n' will be
(Font)              scaled to size 91.61378pt on input line 103.
Package lettrine.sty Info: Targeted height = 40.31001pt
(lettrine.sty)             (no accent, loversize=0),
(lettrine.sty)             Lettrine height = 53.68568pt (\leavevmode{\color {gr
ay}ה}) loversize=0.5;
(lettrine.sty)             reported on input line 103.
LaTeX Font Info:    Font shape `TU/FrankRuhlLibre(0)/m/sc' will be
(Font)              scaled to size 9.20944pt on input line 103.

Overfull \hbox (4.51582pt too wide) in paragraph at lines 103--116
[][][] \TU/FrankRuhlLibre(0)/m/sc/10 מדינה נחשבת כמעט באופן אוניברסלי ממסד של ש
ירות[]
 []


Overfull \hbox (11.15207pt too wide) in paragraph at lines 103--116
[]\TU/FrankRuhlLibre(0)/m/sc/10 המונח הקולקטיבי השימושי "אנחנו" אפשר להטיל הסוו
אה אידיאולוגית[]
 []

[3

]
Overfull \hbox (0.86143pt too wide) in paragraph at lines 122--129
[]\TU/FrankRuhlLibre(0)/m/sc/10 האנושית" שמתכנסת כדי לפתור בעיות הדדיות, אם היא
 איננה מפגש[]
 []


LaTeX Font Warning: Font shape `TU/FrankRuhlLibre(0)/m/sl' undefined
(Font)              using `TU/FrankRuhlLibre(0)/m/it' instead on input line 130
.

LaTeX Font Info:    Font shape `TU/FrankRuhlLibre(0)/m/it' will be
(Font)              scaled to size 9.20944pt on input line 130.
[4]
Package lettrine.sty Info: Targeted height = 40.31001pt
(lettrine.sty)             (no accent, loversize=0),
(lettrine.sty)             Lettrine height = 53.68568pt (\leavevmode{\color {gr
ay}ה}) loversize=0.5;
(lettrine.sty)             reported on input line 130.

Overfull \hbox (5.37476pt too wide) in paragraph at lines 130--132
[][][] \TU/FrankRuhlLibre(0)/m/it/10 אדם נולד ערום אל העולם, והוא נדרש להשתמש ב
שכלו[]
 []


Overfull \hbox (4.86197pt too wide) in paragraph at lines 130--132
[]\TU/FrankRuhlLibre(0)/m/it/10 כדי ללמוד כיצד להשתמש במשאבים שנתנה לו הטבע,[]
 []


Overfull \hbox (16.99695pt too wide) in paragraph at lines 130--132
[]\TU/FrankRuhlLibre(0)/m/it/10 ולהפכם (למשל באמצעות השקעה ב"ון") לצורות ומקומו
ת[]
 []


Overfull \hbox (13.98856pt too wide) in paragraph at lines 130--132
[]\TU/FrankRuhlLibre(0)/m/it/10 שבהם ניתן לנצל את המשאבים לשביעות רצונו ולהעלאת
[]
 []


Overfull \hbox (4.44087pt too wide) in paragraph at lines 133--134
[]\TU/FrankRuhlLibre(0)/m/it/10 לרכוש אותם רק על חשבון אדם ב', ובמקום זאת להגדי
ל את המשאבים[]
 []

[5

]
Overfull \hbox (6.47469pt too wide) in paragraph at lines 137--138
[]\TU/FrankRuhlLibre(0)/m/it/10 הארץ. צריך להיות ברור גם שהאמצעים הכפייתיים והנ
צלניים סותרים[]
 []


Overfull \hbox (0.16304pt too wide) in paragraph at lines 139--140
[][]\TU/FrankRuhlLibre(0)/m/it/10 אנו נמצאים כעת במצב שבו ניתן לענות ביתר פירוט
 על השאלה:[]
 []


Overfull \hbox (5.28542pt too wide) in paragraph at lines 139--140
[]\TU/FrankRuhlLibre(0)/m/it/10 מהי המדינה? המדינה, במילותיו של אופןהיימר, היא 
"ארגון האמצעים[]
 []


Overfull \hbox (12.17679pt too wide) in paragraph at lines 139--140
[]\TU/FrankRuhlLibre(0)/m/it/10 הנכבש יורשה לחיות וליצור, בעוד הכובשים מתיישבים
 ביניהם כשולטים[]
 []


Overfull \hbox (0.44397pt too wide) in paragraph at lines 141--142
[]\TU/FrankRuhlLibre(0)/m/it/10 "רוריטניה", חבורת שודדים מצליחה להשיג שליטה פיז
ית על השטח,[]
 []


Overfull \hbox (9.72154pt too wide) in paragraph at lines 141--142
[]\TU/FrankRuhlLibre(0)/m/it/10 ולבסוף ראש השודדים מכריז על עצמו כ"מלך הממשל הר
יבוני והעצמאי[]
 []


LaTeX Font Warning: Font shape `TU/FrankRuhlLibre(0)/m/sl' undefined
(Font)              using `TU/FrankRuhlLibre(0)/m/it' instead on input line 142
.

[6]

LaTeX Font Warning: Font shape `TU/FrankRuhlLibre(0)/m/sl' undefined
(Font)              using `TU/FrankRuhlLibre(0)/m/it' instead on input line 143
.

[7]
Package lettrine.sty Info: Targeted height = 40.31001pt
(lettrine.sty)             (no accent, loversize=0),
(lettrine.sty)             Lettrine height = 53.68568pt (\leavevmode{\color {gr
ay}ב}) loversize=0.5;
(lettrine.sty)             reported on input line 143.

Overfull \hbox (9.18152pt too wide) in paragraph at lines 143--145
[]\TU/FrankRuhlLibre(0)/m/it/10 טווח שלהם היא אידיאולוגית. שכן כדי להמשיך בתפקי
ד,[]
 []


Overfull \hbox (2.06236pt too wide) in paragraph at lines 143--145
[]\TU/FrankRuhlLibre(0)/m/it/10 היא תמיד להבטיח את הקבלה הפעילה או הסבילה של רו
ב האזרחים. []
 []


Overfull \hbox (13.3442pt too wide) in paragraph at lines 146--147
[][]\TU/FrankRuhlLibre(0)/m/it/10 כמובן, אחת הדרכים להשגת תמיכה היא באמצעות יצי
רת אינטרסים[]
 []


Overfull \hbox (9.01793pt too wide) in paragraph at lines 146--147
[]\TU/FrankRuhlLibre(0)/m/it/10 מכשיר המדינה, כמו הבירוקרטיה במשרה מלאה או האצו
לה המוסדרת.[]
 []


Overfull \hbox (3.37563pt too wide) in paragraph at lines 146--147
[]\TU/FrankRuhlLibre(0)/m/it/10 ולפחות בלתי נמנעת, ובוודאי טובה יותר מכל חלופה 
אפשרית אחרת.[]
 []


Overfull \hbox (11.94508pt too wide) in paragraph at lines 146--147
[]\TU/FrankRuhlLibre(0)/m/it/10 של "האינטלקטואלים". שכן המוני האנשים אינם יוצרי
ם את רעיונותיהם[]
 []


Overfull \hbox (22.31795pt too wide) in paragraph at lines 146--147
[]\TU/FrankRuhlLibre(0)/m/it/10 לפי הרעיונות שמאמצת ומפיצה קבוצת האינטלקטואלים.
 האינטלקטואלים[]
 []


Overfull \hbox (15.38472pt too wide) in paragraph at lines 146--147
[]\TU/FrankRuhlLibre(0)/m/it/10 לעיצוב דעה כזה, הבסיס לברית עתיקת יומין בין המד
ינה לאינטלקטואלים[]
 []

[8

]
Overfull \hbox (27.3452pt too wide) in paragraph at lines 148--149
[][]\TU/FrankRuhlLibre(0)/m/it/10 ברור שהמדינה זקוקה לאינטלקטואלים; לא ברור מדו
ע האינטלקטואלים[]
 []


Overfull \hbox (5.08203pt too wide) in paragraph at lines 148--149
[]\TU/FrankRuhlLibre(0)/m/it/10 בשוק החופשי אינה יציבה במיוחד; שכן האינטלקטואלי
 חייב להסתמך[]
 []


Overfull \hbox (14.44746pt too wide) in paragraph at lines 150--151
[]\TU/FrankRuhlLibre(0)/m/it/10 הביקורתי של פרופסור ויטפוגל על דספוטיזם מזרחי ע
תיק: "הציוויליזציה[]
 []


Overfull \hbox (1.07329pt too wide) in paragraph at lines 150--151
[]\TU/FrankRuhlLibre(0)/m/it/10 הרשמי או "של החצר", שמוקדש להפצת דעות השליטים ע
ל מעשיהם[]
 []


Overfull \hbox (1.30498pt too wide) in paragraph at lines 152--153
[][]\TU/FrankRuhlLibre(0)/m/it/10 טיעונים רבים ומגוונים שימשו את המדינה ואת האי
נטלקטואלים[]
 []


Overfull \hbox (1.5368pt too wide) in paragraph at lines 152--153
[]\TU/FrankRuhlLibre(0)/m/it/10 הם "המומחים המדעיים"), גדולים וחכמים בהרבה מהנת
ינים הטובים[]
 []


Overfull \hbox (5.50093pt too wide) in paragraph at lines 152--153
[]\TU/FrankRuhlLibre(0)/m/it/10 הכרחי בהחלט, וטוב בהרבה מאלה שמתרחשים אם הוא יפ
ול. האיחוד[]
 []


LaTeX Font Warning: Font shape `TU/FrankRuhlLibre(0)/m/sl' undefined
(Font)              using `TU/FrankRuhlLibre(0)/m/it' instead on input line 153
.

[9]
Overfull \hbox (16.54979pt too wide) in paragraph at lines 154--155
[]\TU/FrankRuhlLibre(0)/m/it/10 שלה. במיוחד הצליחה המדינה במאות האחרונות לגרום 
לפחד משלטונות[]
 []


Overfull \hbox (6.23976pt too wide) in paragraph at lines 154--155
[]\TU/FrankRuhlLibre(0)/m/it/10 שרוב האנשים נוטים לאהוב את מולדתם, ההזדהות עם ה
אדמה ואנשיה[]
 []


Overfull \hbox (13.31728pt too wide) in paragraph at lines 154--155
[]\TU/FrankRuhlLibre(0)/m/it/10 הייתה אמצעי להטמעת פטריוטיזם טבעי לטובת המדינה.
 אם "רוריטניה"[]
 []


Overfull \hbox (21.71774pt too wide) in paragraph at lines 154--155
[]\TU/FrankRuhlLibre(0)/m/it/10 הותקפה על ידי "וולדביה", המשימה הראשונה של המדי
נה ואינטלקטואליה[]
 []


Overfull \hbox (5.47072pt too wide) in paragraph at lines 156--157
[][]\TU/FrankRuhlLibre(0)/m/it/10 נשק אידיאולוגי רב-גוני והסודי שימש את המדינה 
לאורך הדורות.[]
 []


Overfull \hbox (2.20396pt too wide) in paragraph at lines 156--157
[]\TU/FrankRuhlLibre(0)/m/it/10 מעורר ספקות חדשים, כמי שחילל את חכמת אבותיו. כו
ח אידיאולוגי[]
 []


Overfull \hbox (5.79872pt too wide) in paragraph at lines 156--157
[]\TU/FrankRuhlLibre(0)/m/it/10 החברה. שכן כל שלטון מסוים דורש קבלת רוב, וכל סכ
נה אידיאולוגית[]
 []


Overfull \hbox (3.14394pt too wide) in paragraph at lines 156--157
[]\TU/FrankRuhlLibre(0)/m/it/10 לדעת ההמון. "הקשיבו רק לאחיכם" או "התאימו את עצ
מכם לחברה"[]
 []


Overfull \hbox (0.50635pt too wide) in paragraph at lines 156--157
[]\TU/FrankRuhlLibre(0)/m/it/10 הופכים לכלי אידיאולוגי לדיכוי מחלוקת פרטנית. בד
רך זו, ההמונים[]
 []


LaTeX Font Warning: Font shape `TU/FrankRuhlLibre(0)/m/sl' undefined
(Font)              using `TU/FrankRuhlLibre(0)/m/it' instead on input line 157
.

[10]
Overfull \hbox (6.19022pt too wide) in paragraph at lines 158--159
[]\TU/FrankRuhlLibre(0)/m/it/10 סלידה מכל "תיאוריית קונספירציה היסטורית"; חיפוש
 "קונספירציות"[]
 []


Overfull \hbox (11.96558pt too wide) in paragraph at lines 158--159
[]\TU/FrankRuhlLibre(0)/m/it/10 נגרמו לא על ידי שליטי המדינה אלא על ידי "כוחות 
חברתיים" מסתוריים[]
 []


Overfull \hbox (3.44684pt too wide) in paragraph at lines 158--159
[]\TU/FrankRuhlLibre(0)/m/it/10 הופכת את הנתינים לפגיעים יותר באמונם בנימוקי "ה
רווחה הכללית"[]
 []


Overfull \hbox (16.05765pt too wide) in paragraph at lines 158--159
[]\TU/FrankRuhlLibre(0)/m/it/10 יכולה לערער את המערכת על ידי פקפוק הציבור בתעמו
לה האידיאולוגית[]
 []


Overfull \hbox (1.46004pt too wide) in paragraph at lines 160--161
[]\TU/FrankRuhlLibre(0)/m/it/10 מותקפים כ"ניצול" ו"ריבית", חילופים הדדיים מותקפ
ים כ"אגואיזם",[]
 []


Overfull \hbox (4.41077pt too wide) in paragraph at lines 160--161
[]\TU/FrankRuhlLibre(0)/m/it/10 ובסופו של דבר נובע תמיד המסקנה שעל יותר משאבים 
להיות מוסטים[]
 []


Overfull \hbox (7.3895pt too wide) in paragraph at lines 160--161
[]\TU/FrankRuhlLibre(0)/m/it/10 לכך. שכן בעוד שאנשים נוטים לפנק את עצמם ב"חמדנו
ת אגואיסטית",[]
 []


Overfull \hbox (2.66708pt too wide) in paragraph at lines 160--161
[]\TU/FrankRuhlLibre(0)/m/it/10 כישלון של שליטי המדינה לעסוק בחילופים אמור להעי
ד על מסירותם[]
 []


LaTeX Font Warning: Font shape `TU/FrankRuhlLibre(0)/m/sl' undefined
(Font)              using `TU/FrankRuhlLibre(0)/m/it' instead on input line 161
.

[11]
Overfull \hbox (9.71875pt too wide) in paragraph at lines 162--163
[][]\TU/FrankRuhlLibre(0)/m/it/10 בעידן החילוני יותר של היום, הזכות האלוהית של 
המדינה הושלמה[]
 []


Overfull \hbox (7.76752pt too wide) in paragraph at lines 162--163
[]\TU/FrankRuhlLibre(0)/m/it/10 חירותו; הוא עדיין קולקטיביסטי ודטרמיניסטי, עדיי
ן מתייחס לאגרגטים[]
 []


Overfull \hbox (8.00551pt too wide) in paragraph at lines 162--163
[]\TU/FrankRuhlLibre(0)/m/it/10 הוליסטיים ולמניפולציה כפייתית של נתינים פסיביים
 על ידי שליטיהם. []
 []


Overfull \hbox (9.48149pt too wide) in paragraph at lines 166--167
[]\TU/FrankRuhlLibre(0)/m/it/10 הרף להרשים את הציבור ב"לגיטימיות" שלה, כדי להבח
ין בין פעולותיה[]
 []


Underfull \hbox (badness 10000) in paragraph at lines 166--167
[][]
 []

LaTeX Font Info:    Font shape `TU/FrankRuhlLibre(0)/m/n' will be
(Font)              scaled to size 8.2885pt on input line 169.

Overfull \hbox (3.97011pt too wide) in paragraph at lines 169--170
[]\TU/FrankRuhlLibre(0)/m/n/9 את ענייני הכלל, אלא כישות נפרדת ואוטונומית, העוסק
ת בעיקר[]
 []


LaTeX Font Warning: Font shape `TU/FrankRuhlLibre(0)/m/sl' undefined
(Font)              using `TU/FrankRuhlLibre(0)/m/it' instead on input line 170
.

[12]

LaTeX Font Warning: Font shape `TU/FrankRuhlLibre(0)/m/sl' undefined
(Font)              using `TU/FrankRuhlLibre(0)/m/it' instead on input line 172
.

[13]
Overfull \hbox (31.89404pt too wide) in paragraph at lines 172--172
[]|\TU/FrankRuhlLibre(0)/b/n/24.88 כיצד חורגת המדינה מגבלותיה| []
 []

Package lettrine.sty Info: Targeted height = 40.31001pt
(lettrine.sty)             (no accent, loversize=0),
(lettrine.sty)             Lettrine height = 53.68568pt (\leavevmode{\color {gr
ay}כ}) loversize=0.5;
(lettrine.sty)             reported on input line 172.

Overfull \hbox (3.81094pt too wide) in paragraph at lines 172--174
[]\TU/FrankRuhlLibre(0)/m/it/10 בני אדם יצרו מושגים שנועדו לבדוק ולהגביל את מימ
וש[]
 []


Overfull \hbox (11.87001pt too wide) in paragraph at lines 172--174
[]\TU/FrankRuhlLibre(0)/m/it/10 שלטון המדינה; ואולם, אחד אחרי השני, הצליחה המדי
נה,[]
 []


Overfull \hbox (9.52444pt too wide) in paragraph at lines 172--174
[]\TU/FrankRuhlLibre(0)/m/it/10 המושגים הללו ל"מחותמות גומי" של לגיטימציה ומעלה
, שניתן להדביק[]
 []


Overfull \hbox (8.01144pt too wide) in paragraph at lines 172--174
[]\TU/FrankRuhlLibre(0)/m/it/10 על צווים ופעולותיה. במקור, במערב אירופה, מושג ה
ריבונות האלוהית[]
 []


Overfull \hbox (2.7643pt too wide) in paragraph at lines 172--174
[]\TU/FrankRuhlLibre(0)/m/it/10 קבע שהמלכים יכולים לשלוט אך ורק בהתאם לחוק האלו
הי; המלכים[]
 []


Overfull \hbox (17.48242pt too wide) in paragraph at lines 176--177
[]\TU/FrankRuhlLibre(0)/m/n/9 מהאמצעים המגבילים הללו. אך בסופו של דבר כל אחת מה
תיאוריות[]
 []


Overfull \hbox (18.91092pt too wide) in paragraph at lines 179--180
[]\TU/FrankRuhlLibre(0)/m/it/10 הזכויות, הפכו ל"זכות סטטיסטית לעבודה"; תועלתנות
 הפכה מארגומנטים[]
 []

[14

]
Overfull \hbox (0.56207pt too wide) in paragraph at lines 181--182
[][]\TU/FrankRuhlLibre(0)/m/it/10 הניסיון השאפתני ביותר להגביל את המדינה היה מג
ילת הזכויות[]
 []


Overfull \hbox (1.08615pt too wide) in paragraph at lines 181--182
[]\TU/FrankRuhlLibre(0)/m/it/10 כתובים לממשל הפכו לחוק יסוד שצריך להיות מפורש ע
ל ידי מערכת[]
 []


Overfull \hbox (0.72124pt too wide) in paragraph at lines 181--182
[]\TU/FrankRuhlLibre(0)/m/it/10 במהלך המאה האחרונה. אך מעטים שמו לב, כמו הפרופס
ור צ'ארלס[]
 []


Overfull \hbox (0.5084pt too wide) in paragraph at lines 181--182
[]\TU/FrankRuhlLibre(0)/m/it/10 עוצמתית לכוח הממשלתי, הכרזה משתמעת או מפורשת של
 "חוקתי"[]
 []


Overfull \hbox (5.15366pt too wide) in paragraph at lines 183--184
[]\TU/FrankRuhlLibre(0)/m/it/10 מסכם כי זו הייתה תפקידה ההיסטורי העיקרי של הביק
ורת השיפוטית. []
 []


Overfull \hbox (5.77316pt too wide) in paragraph at lines 188--189
[][]\TU/FrankRuhlLibre(0)/m/n/9 "הסיכון העליון [לממשל] הוא תחושת אי-סיפוק וזעם 
המופץ[]
 []


Overfull \hbox (6.31631pt too wide) in paragraph at lines 188--189
[]\TU/FrankRuhlLibre(0)/m/n/9 שכמה עורכי דין מכובדים מסכימים עמו, שהממשלה אינה 
רשאית[]
 []


LaTeX Font Warning: Font shape `TU/FrankRuhlLibre(0)/m/sl' undefined
(Font)              using `TU/FrankRuhlLibre(0)/m/it' instead on input line 192
.

[15]
Overfull \hbox (4.18065pt too wide) in paragraph at lines 198--199
[][]\TU/FrankRuhlLibre(0)/m/n/9 "הבעיה, אם כן, היא להמציא אמצעים ממשלתיים להחלט
ה[]
 []


Overfull \hbox (10.12129pt too wide) in paragraph at lines 198--199
[]\TU/FrankRuhlLibre(0)/m/n/9 כך שיופחתו למינימום סביר את עוצמת ההתנגדות לכך שה
ממשלה[]
 []


Overfull \hbox (4.65126pt too wide) in paragraph at lines 198--199
[]\TU/FrankRuhlLibre(0)/m/n/9 היא השופטת בתיק שלה. לאחר מכן, ניתן רק לקוות שההת
נגדות[]
 []


Overfull \hbox (9.30846pt too wide) in paragraph at lines 198--199
[]\TU/FrankRuhlLibre(0)/m/n/9 תאבד מהכוח שלה, כדי שהעבודת הלגיטימציה של מוסד הה
חלטה[]
 []


LaTeX Font Warning: Font shape `TU/FrankRuhlLibre(0)/m/sl' undefined
(Font)              using `TU/FrankRuhlLibre(0)/m/it' instead on input line 213
.

[16]
Overfull \hbox (15.68094pt too wide) in paragraph at lines 215--216
[][]\TU/FrankRuhlLibre(0)/m/it/10 ללא בית המשפט העליון לא היה לנו אמצעי אחר להע
נקת לגיטימציה[]
 []


Overfull \hbox (2.65215pt too wide) in paragraph at lines 215--216
[]\TU/FrankRuhlLibre(0)/m/it/10 לניו דיל. כפי שמכיר בלק, אחד התיאורטיקנים הפולי
טיים המרכזיים,[]
 []


Overfull \hbox (16.11534pt too wide) in paragraph at lines 217--218
[]\TU/FrankRuhlLibre(0)/m/it/10 גדלות בפרט ובעסקים פרטיים, עלינו לקבוע שהמדינה 
אנטי-קפיטליסטית[]
 []


Overfull \hbox (3.10954pt too wide) in paragraph at lines 217--218
[]\TU/FrankRuhlLibre(0)/m/it/10 במהותה. למעשה, לעומת הטענה המרקסיסטית שהמדינה ה
יא "ועדת[]
 []


Overfull \hbox (3.00093pt too wide) in paragraph at lines 220--221
[]\TU/FrankRuhlLibre(0)/m/n/9 במהלכים אלו [הלאומיים, מס הכנסה וכו'] את פירות דו
קטרינות[]
 []


LaTeX Font Warning: Font shape `TU/FrankRuhlLibre(0)/m/sl' undefined
(Font)              using `TU/FrankRuhlLibre(0)/m/it' instead on input line 223
.

[17]
Package lettrine.sty Info: Targeted height = 40.31001pt
(lettrine.sty)             (no accent, loversize=0),
(lettrine.sty)             Lettrine height = 53.68568pt (\leavevmode{\color {gr
ay}מ}) loversize=0.5;
(lettrine.sty)             reported on input line 223.

Overfull \hbox (9.14932pt too wide) in paragraph at lines 223--225
[]\TU/FrankRuhlLibre(0)/m/it/10 "להגן" על עצמם ונאלצים, לפיכך, להצטרף לזרוע הצב
אית של המדינה:[]
 []


Overfull \hbox (12.67778pt too wide) in paragraph at lines 226--227
[]\TU/FrankRuhlLibre(0)/m/it/10 ו"חירום" ניתן להטיל עריצות על הציבור שאולי היית
ה נתקלת בהתנגדות[]
 []


Overfull \hbox (1.00615pt too wide) in paragraph at lines 226--227
[]\TU/FrankRuhlLibre(0)/m/it/10 גלויה בשעת שלום. המלחמה מספקת, אם כן, יתרונות ר
בים למדינה,[]
 []

[18

]
Overfull \hbox (0.15086pt too wide) in paragraph at lines 228--229
[]\TU/FrankRuhlLibre(0)/m/it/10 אזרחים פרטיים או אלה נגד עצמה? הפשעים החמורים ב
יותר במילון[]
 []


Overfull \hbox (1.138pt too wide) in paragraph at lines 228--229
[]\TU/FrankRuhlLibre(0)/m/it/10 לנוחיותה שלה, לדוגמה: בגידה, עריקות חייל לאויב,
 כישלון ברישום[]
 []


LaTeX Font Warning: Font shape `TU/FrankRuhlLibre(0)/m/sl' undefined
(Font)              using `TU/FrankRuhlLibre(0)/m/it' instead on input line 231
.

[19]
Package lettrine.sty Info: Targeted height = 40.31001pt
(lettrine.sty)             (no accent, loversize=0),
(lettrine.sty)             Lettrine height = 53.68568pt (\leavevmode{\color {gr
ay}מ}) loversize=0.5;
(lettrine.sty)             reported on input line 231.

Overfull \hbox (2.24753pt too wide) in paragraph at lines 231--233
[]\TU/FrankRuhlLibre(0)/m/it/10 ומאנרגייתם של המדינות. הנטייה הטבעית של מדינה[]

 []


Overfull \hbox (9.549pt too wide) in paragraph at lines 231--233
[]\TU/FrankRuhlLibre(0)/m/it/10 תמידית של מדינות, המתחלפת בתקופות שלום ובבריתות
 והקואליציות[]
 []


Overfull \hbox (4.34322pt too wide) in paragraph at lines 234--235
[]\TU/FrankRuhlLibre(0)/m/it/10 ה-17 עד ה-19 הגיע לצורתו המובהקת ביותר בצורת המ
משל החוקתי.[]
 []


Overfull \hbox (6.73769pt too wide) in paragraph at lines 234--235
[]\TU/FrankRuhlLibre(0)/m/it/10 מקבילו ה"חיצוני" או "בעניין יחסי חוץ" היה פיתוח
 "החוק הבינלאומי",[]
 []


Overfull \hbox (17.21803pt too wide) in paragraph at lines 234--235
[]\TU/FrankRuhlLibre(0)/m/it/10 הממשלתיים צמחו באופן וולונטרי ולא הוטלו על ידי 
על-מדינה בינלאומית[]
 []

[20

]
Overfull \hbox (13.36322pt too wide) in paragraph at lines 236--237
[][]\TU/FrankRuhlLibre(0)/m/it/10 המשפטן F.J.P. Veale מתאר בכיף את מהלך "המלחמה
 המתרבת"[]
 []


Overfull \hbox (1.64493pt too wide) in paragraph at lines 239--240
[]\TU/FrankRuhlLibre(0)/m/n/9 היו עסוקים מדי בכסף ובהנאות החיים כדי לעסוק בעצמם
 בקשיי[]
 []


Overfull \hbox (2.28682pt too wide) in paragraph at lines 239--240
[]\TU/FrankRuhlLibre(0)/m/n/9 את שכירי החרב מיד לאחר שהשירות שלהם הסתיים. מלחמו
ת,[]
 []


Overfull \hbox (3.75777pt too wide) in paragraph at lines 242--243
[][]\TU/FrankRuhlLibre(0)/m/it/10 ההפרדה כמעט מוחלטת בין האזרח הפרטי לבין מלחמו
ת המדינה[]
 []


Overfull \hbox (0.57292pt too wide) in paragraph at lines 245--246
[]\TU/FrankRuhlLibre(0)/m/n/9 הדעת כי האירופים ינטשו את מסעותיהם במדינה זרה שהמ
דינה[]
 []


LaTeX Font Warning: Font shape `TU/FrankRuhlLibre(0)/m/sl' undefined
(Font)              using `TU/FrankRuhlLibre(0)/m/it' instead on input line 246
.

[21]
Overfull \hbox (8.03955pt too wide) in paragraph at lines 248--249
[][]\TU/FrankRuhlLibre(0)/m/it/10 ומאחר שהמסחר הוכר יותר ויותר כמועיל לשני הצדד
ים, המלחמה[]
 []


Overfull \hbox (8.40459pt too wide) in paragraph at lines 250--251
[]\TU/FrankRuhlLibre(0)/m/it/10 המלחמה מוגבלת למנגנון המדינה הוא אפילו יותר מיו
שן ומוזר מהחוקה[]
 []


Overfull \hbox (2.11864pt too wide) in paragraph at lines 252--253
[]\TU/FrankRuhlLibre(0)/m/it/10 למנוע חיכוכים ככל האפשר. אחת הדוקטרינות שקיבלה 
קבלה רחבה[]
 []


Overfull \hbox (6.01932pt too wide) in paragraph at lines 252--253
[]\TU/FrankRuhlLibre(0)/m/it/10 תושבי שתי המדינות מנועים לנצח מלטעון לאיחוד מחד
ש של רוריטניה[]
 []


Overfull \hbox (2.18027pt too wide) in paragraph at lines 252--253
[]\TU/FrankRuhlLibre(0)/m/it/10 לפעולות או חובות המלך, שכן ממשלה אינה, כמו ילד,
 יורשת אמיתית[]
 []


LaTeX Font Warning: Font shape `TU/FrankRuhlLibre(0)/m/sl' undefined
(Font)              using `TU/FrankRuhlLibre(0)/m/it' instead on input line 253
.

[22]

LaTeX Font Warning: Font shape `TU/FrankRuhlLibre(0)/m/sl' undefined
(Font)              using `TU/FrankRuhlLibre(0)/m/it' instead on input line 254
.

[23]
Overfull \hbox (3.69405pt too wide) in paragraph at lines 254--254
[]\TU/FrankRuhlLibre(0)/b/n/24.88 המדינה לבין הכוח החברתי| []
 []

Package lettrine.sty Info: Targeted height = 40.31001pt
(lettrine.sty)             (no accent, loversize=0),
(lettrine.sty)             Lettrine height = 53.68568pt (\leavevmode{\color {gr
ay}ב}) loversize=0.5;
(lettrine.sty)             reported on input line 254.

Overfull \hbox (11.5615pt too wide) in paragraph at lines 254--256
[]\TU/FrankRuhlLibre(0)/m/it/10 או טורפות, כך ניתן לראות את תולדות האנושות, ובמ
יוחד[]
 []


Overfull \hbox (2.8745pt too wide) in paragraph at lines 254--256
[]\TU/FrankRuhlLibre(0)/m/it/10 את תולדותיה הכלכליות, כמאבק בין שני עקרונות אלו
.[]
 []


Overfull \hbox (15.11212pt too wide) in paragraph at lines 259--260
[]\TU/FrankRuhlLibre(0)/m/it/10 המאה ה-20 הייתה בעיקר עידן שבו כוח המדינה רדף א
חרי ההתקדמות—[]
 []

[24

]
Overfull \hbox (12.17151pt too wide) in paragraph at lines 261--262
[][]\TU/FrankRuhlLibre(0)/m/it/10 במאה זו, המין האנושי מתמודד שוב עם שלטון מרוש
ע של המדינה—[]
 []


Overfull \hbox (0.79697pt too wide) in paragraph at lines 261--262
[]\TU/FrankRuhlLibre(0)/m/it/10 של מדינה שמצוידת כעת בפירות כוחות היצירה של האד
ם, שהוחרמו[]
 []

The property list \polyglossia@langsetup contains the pairs (without outer
braces):
>  {latex/script}  =>  {latin}
>  {latex/lcscript}  =>  {latin}
>  {latex/scripttag}  =>  {}
>  {latex/language}  =>  {Latex}
>  {latex/langtag}  =>  {ENG}
>  {latex/bcp47}  =>  {}
>  {latex/hyphennames}  =>  {english}
>  {latex/direction}  =>  {LR}
>  {latex/hyphenmins}  =>  {2,3}
>  {latex/frenchspacing}  =>  {false}
>  {latex/indentfirst}  =>  {false}
>  {latex/fontsetup}  =>  {true}
>  {latex/envname}  =>  {latex}
>  {latex/babelname}  =>  {latex}
>  {latex/localnumeral}  =>  {polyglossia@C@localnumeral}
>  {latex/Localnumeral}  =>  {polyglossia@C@localnumeral}
>  {hebrew/script}  =>  {Hebrew}
>  {hebrew/lcscript}  =>  {hebrew}
>  {hebrew/scripttag}  =>  {hebr}
>  {hebrew/language}  =>  {Hebrew}
>  {hebrew/langtag}  =>  {IWR}
>  {hebrew/bcp47}  =>  {he}
>  {hebrew/hyphennames}  =>  {nohyphenation}
>  {hebrew/direction}  =>  {RL}
>  {hebrew/hyphenmins}  =>  {2,3}
>  {hebrew/frenchspacing}  =>  {false}
>  {hebrew/indentfirst}  =>  {false}
>  {hebrew/fontsetup}  =>  {true}
>  {hebrew/envname}  =>  {hebrew}
>  {hebrew/babelname}  =>  {hebrew}
>  {hebrew/localnumeral}  =>  {hebrewnumerals}
>  {hebrew/Localnumeral}  =>  {hebrewnumerals}
>  {english/script}  =>  {latin}
>  {english/lcscript}  =>  {latin}
>  {english/scripttag}  =>  {}
>  {english/language}  =>  {English}
>  {english/langtag}  =>  {ENG}
>  {english/bcp47}  =>  {en-US}
>  {english/hyphennames}  =>  {english,american,usenglish,USenglish}
>  {english/direction}  =>  {LR}
>  {english/hyphenmins}  =>  {2,3}
>  {english/frenchspacing}  =>  {false}
>  {english/indentfirst}  =>  {false}
>  {english/fontsetup}  =>  {true}
>  {english/envname}  =>  {english}
>  {english/babelname}  =>  {american}
>  {english/localnumeral}  =>  {polyglossia@C@localnumeral}
>  {english/Localnumeral}  =>  {polyglossia@C@localnumeral}.

LaTeX Font Warning: Font shape `TU/FrankRuhlLibre(0)/m/sl' undefined
(Font)              using `TU/FrankRuhlLibre(0)/m/it' instead on input line 263
.

[25] (./book.aux
LaTeX Info: Redefining \rmfamily on input line 3.
LaTeX Info: Redefining \sffamily on input line 3.
LaTeX Info: Redefining \ttfamily on input line 3.
)

LaTeX Font Warning: Some font shapes were not available, defaults substituted.

 ) 
Here is how much of TeX's memory you used:
 8788 strings out of 476191
 203466 string characters out of 5812072
 656341 words of memory out of 5000000
 29348 multiletter control sequences out of 15000+600000
 472171 words of font info for 59 fonts, out of 8000000 for 9000
 1348 hyphenation exceptions out of 8191
 83i,6n,118p,1307b,282s stack positions out of 5000i,500n,10000p,200000b,80000s

Output written on book.pdf (27 pages).
